make all --print-data-base --no-builtin-variables --no-builtin-rules --question
# GNU Make 3.81
# Copyright (C) 2006  Free Software Foundation, Inc.
# This is free software; see the source for copying conditions.
# There is NO warranty; not even for MERCHANTABILITY or FITNESS FOR A
# PARTICULAR PURPOSE.

# This program built for i386-apple-darwin11.3.0

# Make data base, printed on Tue Nov  1 22:53:13 2022

# Variables

# automatic
<D = $(patsubst %/,%,$(dir $<))
# automatic
?F = $(notdir $?)
# automatic
?D = $(patsubst %/,%,$(dir $?))
# automatic
@D = $(patsubst %/,%,$(dir $@))
# automatic
@F = $(notdir $@)
# makefile
CURDIR := /Users/camille/Desktop/42_cpp/CPP/CPP5/ex03
# makefile
SHELL = /bin/sh
# environment
VSCODE_NLS_CONFIG = {"locale":"en-gb","availableLanguages":{},"_languagePackSupport":true}
# environment
_ = /usr/bin/make
# makefile (from `Makefile', line 18)
CFLAGS = -Wall -Werror -Wextra -std=c++98
# makefile (from `Makefile', line 1)
MAKEFILE_LIST :=  Makefile
# environment
__CFBundleIdentifier = com.microsoft.VSCode
# makefile (from `Makefile', line 14)
OBJS_PATH = objects/
# environment
VSCODE_CWD = /
# environment
PATH = /usr/local/bin:/usr/bin:/bin:/usr/sbin:/sbin:/Library/Apple/usr/bin
# environment
LSCOLORS = Gxfxcxdxbxegedabagacad
# environment
ELECTRON_RUN_AS_NODE = 1
# default
.FEATURES := target-specific order-only second-expansion else-if archives jobserver check-symlink
# environment
SSH_AUTH_SOCK = /private/tmp/com.apple.launchd.nXaNLGvTan/Listeners
# automatic
%F = $(notdir $%)
# makefile (from `Makefile', line 15)
OBJS = ${addprefix ${OBJS_PATH}, ${SRCS:.cpp=.o}}
# environment
PWD = /Users/camille/Desktop/42_cpp/CPP/CPP5/ex03
# environment
ORIGINAL_XDG_CURRENT_DESKTOP = undefined
# environment
VSCODE_AMD_ENTRYPOINT = vs/workbench/api/node/extensionHostProcess
# environment
HOME = /Users/camille
# default
MAKEFILEPATH := /Applications/Xcode.app/Contents/Developer/Makefiles
# environment
VSCODE_CODE_CACHE_PATH = /Users/camille/Library/Application Support/Code/CachedData/d045a5eda657f4d7b676dedbfa7aab8207f8a075
# environment
LOGNAME = camille
# environment
APPLICATION_INSIGHTS_NO_DIAGNOSTIC_CHANNEL = 1
# environment
ZSH = /Users/camille/.oh-my-zsh
# environment
VSCODE_HANDLES_UNCAUGHT_ERRORS = true
# automatic
^D = $(patsubst %/,%,$(dir $^))
# environment
XPC_FLAGS = 0x0
# default
MAKE = $(MAKE_COMMAND)
# default
MAKECMDGOALS := all
# makefile (from `Makefile', line 3)
SRCS = main.cpp Bureaucrat.cpp Form.cpp ShrubberyCreationForm.cpp RobotomyRequestForm.cpp PresidentialPardonForm.cpp Intern.cpp 
# environment
SHLVL = 1
# makefile (from `Makefile', line 17)
CC = c++
# default
MAKE_VERSION := 3.81
# environment
USER = camille
# makefile
.DEFAULT_GOAL := all
# makefile (from `Makefile', line 1)
NAME = Bureaucrat
# environment
LESS = -R
# automatic
%D = $(patsubst %/,%,$(dir $%))
# default
MAKE_COMMAND := /Applications/Xcode.app/Contents/Developer/usr/bin/make
# default
.VARIABLES := 
# environment
TMPDIR = /var/folders/q6/xh_3x3w130j53vj90m_vnq500000gn/T/
# automatic
*F = $(notdir $*)
# environment
VSCODE_IPC_HOOK = /Users/camille/Library/Application Support/Code/1.72.2-main.sock
# environment
MallocNanoZone = 0
# makefile
MAKEFLAGS = Rrqp
# environment
MFLAGS = -Rrqp
# automatic
*D = $(patsubst %/,%,$(dir $*))
# environment
XPC_SERVICE_NAME = application.com.microsoft.VSCode.77633689.77633695
# automatic
+D = $(patsubst %/,%,$(dir $+))
# automatic
+F = $(notdir $+)
# environment
__CF_USER_TEXT_ENCODING = 0x1F5:0x0:0xF
# environment
COMMAND_MODE = unix2003
# default
MAKEFILES := 
# automatic
<F = $(notdir $<)
# environment
PAGER = less
# environment
LC_ALL = C
# automatic
^F = $(notdir $^)
# default
SUFFIXES := 
# default
.INCLUDE_DIRS = /usr/local/include
# environment
MAKELEVEL := 0
# environment
LANG = C
# environment
VSCODE_PID = 44575
# variable set hash-table stats:
# Load=68/1024=7%, Rehash=0, Collisions=5/100=5%

# Pattern-specific Variable Values

# No pattern-specific variable values.

# Directories

# . (device 16777220, inode 78158632): 20 files, no impossibilities.

# 20 files, no impossibilities in 1 directories.

# Implicit Rules

objects/%.o: %.cpp
#  commands to execute (from `Makefile', line 21):
	@mkdir -p $(dir $@)
	${CC} ${CFLAGS} -c $< -o $@ ${INCLUDES}
	

# 1 implicit rules, 0 (0.0%) terminal.

# Files

# Not a target:
Bureaucrat.cpp:
#  Implicit rule search has been done.
#  Last modified 2022-10-31 18:54:21
#  File has been updated.
#  Successfully updated.
# variable set hash-table stats:
# Load=0/32=0%, Rehash=0, Collisions=0/0=0%

# Not a target:
RobotomyRequestForm.cpp:
#  Implicit rule search has been done.
#  Last modified 2022-10-31 18:54:32
#  File has been updated.
#  Successfully updated.
# variable set hash-table stats:
# Load=0/32=0%, Rehash=0, Collisions=0/0=0%

all: Bureaucrat
#  Phony target (prerequisite of .PHONY).
#  Command-line target.
#  Implicit rule search has not been done.
#  File does not exist.
#  File has been updated.
#  Successfully updated.
# variable set hash-table stats:
# Load=0/32=0%, Rehash=0, Collisions=0/0=0%

# Not a target:
Form.cpp:
#  Implicit rule search has been done.
#  Last modified 2022-10-31 18:54:21
#  File has been updated.
#  Successfully updated.
# variable set hash-table stats:
# Load=0/32=0%, Rehash=0, Collisions=0/0=0%

.PHONY: all clean fclean re
#  Implicit rule search has not been done.
#  Modification time never checked.
#  File has not been updated.

# Not a target:
PresidentialPardonForm.cpp:
#  Implicit rule search has been done.
#  Last modified 2022-10-31 18:54:32
#  File has been updated.
#  Successfully updated.
# variable set hash-table stats:
# Load=0/32=0%, Rehash=0, Collisions=0/0=0%

# Not a target:
.SUFFIXES:
#  Implicit rule search has not been done.
#  Modification time never checked.
#  File has not been updated.

objects/ShrubberyCreationForm.o: ShrubberyCreationForm.cpp
#  Implicit rule search has been done.
#  Implicit/static pattern stem: `ShrubberyCreationForm'
#  Last modified 2022-10-31 18:55:12
#  File has been updated.
#  Successfully updated.
# variable set hash-table stats:
# Load=0/32=0%, Rehash=0, Collisions=0/0=0%
#  commands to execute (from `Makefile', line 21):
	@mkdir -p $(dir $@)
	${CC} ${CFLAGS} -c $< -o $@ ${INCLUDES}
	

# Not a target:
Makefile:
#  Implicit rule search has been done.
#  Last modified 2022-10-31 18:55:02
#  File has been updated.
#  Successfully updated.
# variable set hash-table stats:
# Load=0/32=0%, Rehash=0, Collisions=0/0=0%

objects/Intern.o: Intern.cpp
#  Implicit rule search has been done.
#  Implicit/static pattern stem: `Intern'
#  Last modified 2022-10-31 19:02:45
#  File has been updated.
#  Successfully updated.
# variable set hash-table stats:
# Load=0/32=0%, Rehash=0, Collisions=0/0=0%
#  commands to execute (from `Makefile', line 21):
	@mkdir -p $(dir $@)
	${CC} ${CFLAGS} -c $< -o $@ ${INCLUDES}
	

# Not a target:
main.cpp:
#  Implicit rule search has been done.
#  Last modified 2022-10-31 19:25:56
#  File has been updated.
#  Successfully updated.
# variable set hash-table stats:
# Load=0/32=0%, Rehash=0, Collisions=0/0=0%

# Not a target:
Intern.cpp:
#  Implicit rule search has been done.
#  Last modified 2022-10-31 19:02:43
#  File has been updated.
#  Successfully updated.
# variable set hash-table stats:
# Load=0/32=0%, Rehash=0, Collisions=0/0=0%

Bureaucrat: objects/main.o objects/Bureaucrat.o objects/Form.o objects/ShrubberyCreationForm.o objects/RobotomyRequestForm.o objects/PresidentialPardonForm.o objects/Intern.o
#  Implicit rule search has not been done.
#  Last modified 2022-10-31 19:25:58
#  File has been updated.
#  Successfully updated.
# variable set hash-table stats:
# Load=0/32=0%, Rehash=0, Collisions=0/0=0%
#  commands to execute (from `Makefile', line 27):
	${CC} ${CFLAGS} $(OBJS) -o $(NAME)
	

objects/Form.o: Form.cpp
#  Implicit rule search has been done.
#  Implicit/static pattern stem: `Form'
#  Last modified 2022-10-31 18:55:11
#  File has been updated.
#  Successfully updated.
# variable set hash-table stats:
# Load=0/32=0%, Rehash=0, Collisions=0/0=0%
#  commands to execute (from `Makefile', line 21):
	@mkdir -p $(dir $@)
	${CC} ${CFLAGS} -c $< -o $@ ${INCLUDES}
	

fclean: clean
 
#  Phony target (prerequisite of .PHONY).
#  Implicit rule search has not been done.
#  File does not exist.
#  File has not been updated.
#  commands to execute (from `Makefile', line 33):
	${RM} ${NAME}
	

# Not a target:
ShrubberyCreationForm.cpp:
#  Implicit rule search has been done.
#  Last modified 2022-10-31 18:54:32
#  File has been updated.
#  Successfully updated.
# variable set hash-table stats:
# Load=0/32=0%, Rehash=0, Collisions=0/0=0%

# Not a target:
.DEFAULT:
#  Implicit rule search has not been done.
#  Modification time never checked.
#  File has not been updated.

objects/Bureaucrat.o: Bureaucrat.cpp
#  Implicit rule search has been done.
#  Implicit/static pattern stem: `Bureaucrat'
#  Last modified 2022-10-31 18:55:11
#  File has been updated.
#  Successfully updated.
# variable set hash-table stats:
# Load=0/32=0%, Rehash=0, Collisions=0/0=0%
#  commands to execute (from `Makefile', line 21):
	@mkdir -p $(dir $@)
	${CC} ${CFLAGS} -c $< -o $@ ${INCLUDES}
	

objects/RobotomyRequestForm.o: RobotomyRequestForm.cpp
#  Implicit rule search has been done.
#  Implicit/static pattern stem: `RobotomyRequestForm'
#  Last modified 2022-10-31 18:55:12
#  File has been updated.
#  Successfully updated.
# variable set hash-table stats:
# Load=0/32=0%, Rehash=0, Collisions=0/0=0%
#  commands to execute (from `Makefile', line 21):
	@mkdir -p $(dir $@)
	${CC} ${CFLAGS} -c $< -o $@ ${INCLUDES}
	

re: fclean all
#  Phony target (prerequisite of .PHONY).
#  Implicit rule search has not been done.
#  File does not exist.
#  File has not been updated.

clean:
#  Phony target (prerequisite of .PHONY).
#  Implicit rule search has not been done.
#  File does not exist.
#  File has not been updated.
#  commands to execute (from `Makefile', line 30):
	${RM} ${OBJS}
	

objects/PresidentialPardonForm.o: PresidentialPardonForm.cpp
#  Implicit rule search has been done.
#  Implicit/static pattern stem: `PresidentialPardonForm'
#  Last modified 2022-10-31 18:55:13
#  File has been updated.
#  Successfully updated.
# variable set hash-table stats:
# Load=0/32=0%, Rehash=0, Collisions=0/0=0%
#  commands to execute (from `Makefile', line 21):
	@mkdir -p $(dir $@)
	${CC} ${CFLAGS} -c $< -o $@ ${INCLUDES}
	

objects/main.o: main.cpp
#  Implicit rule search has been done.
#  Implicit/static pattern stem: `main'
#  Last modified 2022-10-31 19:25:58
#  File has been updated.
#  Successfully updated.
# variable set hash-table stats:
# Load=0/32=0%, Rehash=0, Collisions=0/0=0%
#  commands to execute (from `Makefile', line 21):
	@mkdir -p $(dir $@)
	${CC} ${CFLAGS} -c $< -o $@ ${INCLUDES}
	

# files hash-table stats:
# Load=23/1024=2%, Rehash=0, Collisions=0/72=0%
# VPATH Search Paths

# No `vpath' search paths.

# No general (`VPATH' variable) search path.

# # of strings in strcache: 1
# # of strcache buffers: 1
# strcache size: total = 4096 / max = 4096 / min = 4096 / avg = 4096
# strcache free: total = 4087 / max = 4087 / min = 4087 / avg = 4087

# Finished Make data base on Tue Nov  1 22:53:13 2022

 
